<testsuites id="" name="" tests="1" failures="1" skipped="0" errors="0" time="392.889712">
<testsuite name="viewEditUser.spec.js" timestamp="2025-09-23T22:28:12.167Z" hostname="chromium" tests="1" failures="1" skipped="0" time="384.841" errors="0">
<testcase name="view Edit User â€º should create user and edit them" classname="viewEditUser.spec.js" time="384.841">
<failure message="viewEditUser.spec.js:24:5 should create user and edit them" type="FAILURE">
<![CDATA[  [chromium] â€º viewEditUser.spec.js:24:5 â€º view Edit User â€º should create user and edit them â”€â”€â”€â”€â”€â”€â”€

    Error: expect(received).toBeFalsy()

    Received: true

      711 |         //verify reports, real time tracking and alert settings should not be visible
      712 |         const reportsVisible = await page.locator(config.selectors.navigation.reportMenu).isVisible();
    > 713 |         expect(reportsVisible).toBeFalsy();
          |                                ^
      714 |         console.log('âœ… Reports menu is not visible as expected');
      715 |
      716 |         const trackingVisible = await page.locator(config.selectors.realTimeTracking.realTimeTrackingMenu).isVisible();
        at D:\cypress-to-playwright-converted\tests\viewEditUser.spec.js:713:32

    attachment #1: screenshot (image/png) â”€â”€â”€â”€â”€â”€â”€â”€â”€â”€â”€â”€â”€â”€â”€â”€â”€â”€â”€â”€â”€â”€â”€â”€â”€â”€â”€â”€â”€â”€â”€â”€â”€â”€â”€â”€â”€â”€â”€â”€â”€â”€â”€â”€â”€â”€â”€â”€â”€â”€â”€â”€â”€â”€â”€â”€â”€â”€
    ..\test-results\viewEditUser-view-Edit-User-should-create-user-and-edit-them-chromium\test-failed-1.png
    â”€â”€â”€â”€â”€â”€â”€â”€â”€â”€â”€â”€â”€â”€â”€â”€â”€â”€â”€â”€â”€â”€â”€â”€â”€â”€â”€â”€â”€â”€â”€â”€â”€â”€â”€â”€â”€â”€â”€â”€â”€â”€â”€â”€â”€â”€â”€â”€â”€â”€â”€â”€â”€â”€â”€â”€â”€â”€â”€â”€â”€â”€â”€â”€â”€â”€â”€â”€â”€â”€â”€â”€â”€â”€â”€â”€â”€â”€â”€â”€â”€â”€â”€â”€â”€â”€â”€â”€â”€â”€â”€â”€â”€â”€â”€â”€

    attachment #2: video (video/webm) â”€â”€â”€â”€â”€â”€â”€â”€â”€â”€â”€â”€â”€â”€â”€â”€â”€â”€â”€â”€â”€â”€â”€â”€â”€â”€â”€â”€â”€â”€â”€â”€â”€â”€â”€â”€â”€â”€â”€â”€â”€â”€â”€â”€â”€â”€â”€â”€â”€â”€â”€â”€â”€â”€â”€â”€â”€â”€â”€â”€â”€â”€
    ..\test-results\viewEditUser-view-Edit-User-should-create-user-and-edit-them-chromium\video.webm
    â”€â”€â”€â”€â”€â”€â”€â”€â”€â”€â”€â”€â”€â”€â”€â”€â”€â”€â”€â”€â”€â”€â”€â”€â”€â”€â”€â”€â”€â”€â”€â”€â”€â”€â”€â”€â”€â”€â”€â”€â”€â”€â”€â”€â”€â”€â”€â”€â”€â”€â”€â”€â”€â”€â”€â”€â”€â”€â”€â”€â”€â”€â”€â”€â”€â”€â”€â”€â”€â”€â”€â”€â”€â”€â”€â”€â”€â”€â”€â”€â”€â”€â”€â”€â”€â”€â”€â”€â”€â”€â”€â”€â”€â”€â”€â”€

    Error Context: ..\test-results\viewEditUser-view-Edit-User-should-create-user-and-edit-them-chromium\error-context.md
]]>
</failure>
<system-out>
<![CDATA[Collapsing side menu to access modal elements...
âœ“ Clicked on modal to collapse side menu
â„¹ï¸ Entries per page dropdown not found, using default pagination
ðŸ“Š Total number of device rows: 6
ðŸ“± Row 1: Device Name = "Sales car1"
ðŸ“± Row 2: Device Name = "Demo1"
âŒ Row 3: Device Not Assigned
âŒ Row 4: Device Not Assigned
âŒ Row 5: Device Not Assigned
âŒ Row 6: Device Not Assigned

ðŸ“ˆ Summary:
   Total device rows: 6
   Rows with device names: 2
   Rows without device names: 4
   Percentage with device names: 33.3%
   Extracted device names: [Sales car1, Demo1]
âœ… Device table contains data
âœ… Driver Card panel is visible
â³ Waiting for driver card data to populate...
âœ… Driver cards are now loaded

ðŸ” Verifying device names in Driver Card...
ðŸ“‹ Found 2 driver cards in the panel
ðŸš— Driver Card 1: "Sales car1"
ðŸš— Driver Card 2: "Demo1"
âœ… Device "Sales car1" found in driver card
âœ… Device "Demo1" found in driver card

ðŸ“Š Driver Card Verification Summary:
   Extracted device names: 2
   Driver cards found: 2
   Matched devices: 2
   Unmatched devices: 0
   Match percentage: 100.0%
âœ… At least one device name from list appears in driver card

ðŸ”„ Re-verifying device list data for consistency...
â³ Waiting for device list to fully load...
âœ… Device table finished loading
Collapsing side menu to access modal elements...
âœ“ Clicked on modal to collapse side menu
âœ… Side menu closure attempts completed (Re-verification)
ðŸ“Š Re-check - Total number of device rows: 6

ðŸ“ˆ Re-check Summary:
   Total device rows: 6
   Rows with device names: 2
   Extracted device names: [Sales car1, Demo1]

ðŸ” Data Consistency Verification:
âœ… Total row count matches: 6 = 6
âœ… Device name count matches: 2 = 2
âœ… Extracted device names match: [Demo1, Sales car1]
âœ… Device list data consistency verified successfully
âœ… Checked device: Demo1
ðŸ“‹ Total devices checked for user access: [Demo1]
âœ… Driver Card panel is visible
â³ Waiting for driver card data to populate...
âœ… Driver cards are now loaded

ðŸ” Verifying checked devices from user access settings in Driver Card...
ðŸ“‹ Found 1 driver cards in the panel
ðŸš— Driver Card 1: "Demo1"
âœ… Checked device "Demo1" found in driver card

ðŸ“Š User Access Device Verification Summary:
   Devices checked for user access: 1
   Driver cards found: 1
   Matched devices: 1
   Unmatched devices: 0
   Match percentage: 100.0%
âœ… All checked devices from user access settings appear in driver card

[[ATTACHMENT|..\test-results\viewEditUser-view-Edit-User-should-create-user-and-edit-them-chromium\test-failed-1.png]]

[[ATTACHMENT|..\test-results\viewEditUser-view-Edit-User-should-create-user-and-edit-them-chromium\video.webm]]

[[ATTACHMENT|..\test-results\viewEditUser-view-Edit-User-should-create-user-and-edit-them-chromium\error-context.md]]
]]>
</system-out>
</testcase>
</testsuite>
</testsuites>