<testsuites id="" name="" tests="2" failures="0" skipped="0" errors="0" time="96.377099">
<testsuite name="auth.setup.js" timestamp="2025-12-16T19:16:52.635Z" hostname="setup" tests="1" failures="0" skipped="0" time="0.953" errors="0">
<testcase name="authenticate" classname="auth.setup.js" time="0.953">
<system-out>
<![CDATA[Valid authentication session found (age: 20 minutes). Skipping login.
]]>
</system-out>
</testcase>
</testsuite>
<testsuite name="TS024_createLandmark.spec.js" timestamp="2025-12-16T19:16:52.635Z" hostname="chromium" tests="1" failures="0" skipped="0" time="89.282" errors="0">
<testcase name="Create Landmark › should be able to create new Landmark" classname="TS024_createLandmark.spec.js" time="89.282">
<system-out>
<![CDATA[Loading config from: C:\cypress-to-playwright-converted\fixtures\tlr-config.json
Config loaded successfully
Preserving cookies (using stored auth session)
Loading config from: C:\cypress-to-playwright-converted\fixtures\tlr-config.json
Config loaded successfully
Config validated successfully
Using unique landmark name: AutoTest_Landmark_1765912618501
Using stored authentication session (skipping login)...
Navigating directly to https://www.gpsandfleet3.net/gpsandfleet/client/fleetdemo/maps/index2.php...
Page loaded successfully
Page loaded, proceeding...
Geofencing menu is visible
Clicked Geofencing menu
Clicked Landmarks accordion
Clicked Create Landmarks button
Create Landmark modal is visible
Entered landmark name: AutoTest_Landmark_1765912618501
Entered address: San Ramon, CA
Selected address suggestion
Entered radius: 600
Clicked Submit button
Verifying landmark preview overlay...
Preview overlay is visible
Preview Name: AutoTest_Landmark_1765912618501
Preview Radius: 600 feet
Preview Address: San Ramon, CA, United States
Clicking Save button on preview overlay...
Landmark save API called successfully
Success alert container is visible
Alert message: 
        
        
            Landmark Created
            The landmark has been created successfully
        
        
            
        
    
Navigating to View/Edit Landmarks...
Attempt 1: Trying to open View/Edit Landmarks modal...
Force click did not open modal, trying JavaScript click...
Verifying View Landmarks modal...
View Landmarks modal container is visible
Available landmarks: [
  [32m'View All Landmarks'[39m,
  [32m'Wrightsdown (85CX8737+4R)'[39m,
  [32m'durga_test (721 1 St SE, Calgary, AB T2G 2G9, Canada)'[39m,
  [32m'Landmark in Travel Log Test (18955 N Tatum Blvd, Phoenix, AZ 85050, United States)'[39m,
  [32m'DtestLa (san ramon)'[39m,
  [32m'AutoTest_Landmark_1764200537604_Edited (San Ramon, CA, United States)'[39m,
  [32m'AutoTest_Landmark_1764265627700 (San Ramon, CA, United States)'[39m,
  [32m'AutoTest_Landmark_1764268505675 (San Ramon, CA, United States)'[39m,
  [32m'rrLand (San Ramon, CA, United States)'[39m,
  [32m'AutoTest_Landmark_1764278038284 (San Ramon, CA, United States)'[39m,
  [32m'dtestt (San Ramon, CA, United States)'[39m,
  [32m'AutoTest_Landmark_1765907616652 (San Ramon, CA, United States)'[39m,
  [32m'AutoTest_Landmark_1765908323997 (San Ramon, CA, United States)'[39m,
  [32m'AutoTest_Landmark_1765911446150 (San Ramon, CA, United States)'[39m,
  [32m'AutoTest_Landmark_1765912618501 (San Ramon, CA, United States)'[39m
]
Selected landmark: AutoTest_Landmark_1765912618501 (San Ramon, CA, United States)
Checking Hide Vehicle Markers checkbox...
Hide Vehicle Markers checkbox checked
Clicking Submit button...
Verifying landmark info overlay...
Landmark info overlay is visible
Displayed landmark name: AutoTest_Landmark_1765912618501
Displayed landmark radius: 600
Displayed landmark location: San Ramon, CA, United States
Step 6: Editing the landmark...
Clicked Edit button
Edit mode is visible
Edited landmark name to: AutoTest_Landmark_1765912618501_Edited
Verified radius minimum value is 100
Attempted to set radius to 50, actual value: 50
Set radius to 150
Saving edited landmark...
Update landmark API called successfully
Step 7: Verifying updated landmark details...
Updated landmark name displayed: AutoTest_Landmark_1765912618501_Edited
Updated landmark radius displayed: 150
Verified updated name appears in dropdown
Step 8: Deleting the landmark...
Clicked Edit button
Clicking Delete button...
Confirming delete in modal...
Delete confirmation modal is visible
Found 1 Delete button(s) in modal container
Delete landmark API called successfully
Step 9: Verifying landmark is deleted...
Verified deleted landmark is no longer in the dropdown
SUCCESS: Landmark creation, edit, and deletion completed successfully
]]>
</system-out>
</testcase>
</testsuite>
</testsuites>