<testsuites id="" name="" tests="1" failures="0" skipped="0" errors="0" time="61.961106">
<testsuite name="TS052_getSupport.spec.js" timestamp="2025-12-02T23:32:19.029Z" hostname="chromium" tests="1" failures="0" skipped="0" time="58.272" errors="0">
<testcase name="Get Support › should verify Get Support and Insurance form functionality" classname="TS052_getSupport.spec.js" time="58.272">
<system-out>
<![CDATA[Performing login...
Navigating to https://www.gpsandfleet3.net/gpsandfleet/client/fleetdemo/maps/index2.php...
Page loaded successfully
Testing Get Support form...
Get Support form test completed successfully
Testing Insurance form...
Response received: 200 for https://www.gpsandfleet3.net/gpsandfleet/gpsandfleet_common/SaveData/Insurance.php
Success alert found and visible
Insurance form submission test completed successfully
]]>
</system-out>
</testcase>
</testsuite>
</testsuites>