<testsuites id="" name="" tests="2" failures="1" skipped="0" errors="0" time="139.24334100000002">
<testsuite name="auth.setup.js" timestamp="2025-12-09T21:32:12.983Z" hostname="setup" tests="1" failures="0" skipped="0" time="1.007" errors="0">
<testcase name="authenticate" classname="auth.setup.js" time="1.007">
<system-out>
<![CDATA[Valid authentication session found (age: 22 minutes). Skipping login.
]]>
</system-out>
</testcase>
</testsuite>
<testsuite name="TS028_travelLogReport.spec.js" timestamp="2025-12-09T21:32:12.983Z" hostname="chromium" tests="1" failures="1" skipped="0" time="131.142" errors="0">
<testcase name="Travel Log Report › should verify Frequent Stops functionality with API validation" classname="TS028_travelLogReport.spec.js" time="131.142">
<failure message="TS028_travelLogReport.spec.js:815:5 should verify Frequent Stops functionality with API validation" type="FAILURE">
<![CDATA[  [chromium] › TS028_travelLogReport.spec.js:815:5 › Travel Log Report › should verify Frequent Stops functionality with API validation 

    Error: expect(received).toBeLessThan(expected)

    Expected: < 76
    Received:   76

      1039 |
      1040 |         // Verify search filtered the results (should be fewer rows than total)
    > 1041 |         expect(searchResultCount).toBeLessThan(totalRowsBeforeSearch);
           |                                   ^
      1042 |         console.log(`✓ Search filtered results: ${searchResultCount} rows (down from ${totalRowsBeforeSearch})`);
      1043 |
      1044 |         // Verify ALL visible rows contain "02:08 AM"
        at C:\cypress-to-playwright-converted\tests\TS028_travelLogReport.spec.js:1041:35

    attachment #1: screenshot (image/png) ──────────────────────────────────────────────────────────
    ..\test-results\TS028_travelLogReport-Trav-3b24d-onality-with-API-validation-chromium\test-failed-1.png
    ────────────────────────────────────────────────────────────────────────────────────────────────

    attachment #2: video (video/webm) ──────────────────────────────────────────────────────────────
    ..\test-results\TS028_travelLogReport-Trav-3b24d-onality-with-API-validation-chromium\video.webm
    ────────────────────────────────────────────────────────────────────────────────────────────────

    Error Context: ..\test-results\TS028_travelLogReport-Trav-3b24d-onality-with-API-validation-chromium\error-context.md
]]>
</failure>
<system-out>
<![CDATA[Preserving cookies (using stored auth session)
Using stored authentication session (skipping login)...
Navigating directly to https://www.gpsandfleet3.net/gpsandfleet/client/fleetdemo/maps/index2.php...
Page loaded successfully
Testing Frequent Stops functionality with API validation...
--- Verifying Loading Modal ---
✓ Loading modal is visible
✓ Loading modal title shows "Loading Travel Report..."
Loading time estimate: ⏱️ Loading 3 days of data...
✓ Loading modal shows correct "3 days" estimate
API Response captured: [{"id":160833,"idIndex":0,"date":"12/01/2025","duration":355,"time":"02:08 AM","lat":"33.624222","lng":"-111.840185","location":"","tripType":"","battery":"12","speed":"0.0","mileage":"1166.238","dire...
✓ Loading modal disappeared after data loaded
Verifying API response matches table data...
Found 76 rows in Frequent Stops table
API returned 76 records
Row 1: First cell = 12/01/2025
Row 2: First cell = 12/01/2025
Row 3: First cell = 12/01/2025
Verified: Frequent Stops table data matches API response
--- Testing Sort functionality in Frequent Stops ---
Testing Date column sort...
Testing Time column sort...
--- Testing Search functionality in Frequent Stops ---
Total visible rows before search: 76
Searching for "02:08 AM"...
Found 76 visible rows after searching "02:08 AM"

[[ATTACHMENT|..\test-results\TS028_travelLogReport-Trav-3b24d-onality-with-API-validation-chromium\test-failed-1.png]]

[[ATTACHMENT|..\test-results\TS028_travelLogReport-Trav-3b24d-onality-with-API-validation-chromium\video.webm]]

[[ATTACHMENT|..\test-results\TS028_travelLogReport-Trav-3b24d-onality-with-API-validation-chromium\error-context.md]]
]]>
</system-out>
</testcase>
</testsuite>
</testsuites>