<testsuites id="" name="" tests="2" failures="0" skipped="0" errors="0" time="141.856707">
<testsuite name="auth.setup.js" timestamp="2026-01-27T22:50:06.165Z" hostname="setup" tests="1" failures="0" skipped="0" time="2.454" errors="0">
<testcase name="authenticate" classname="auth.setup.js" time="2.454">
<system-out>
<![CDATA[Valid authentication session found (age: 26 minutes). Skipping login.
]]>
</system-out>
</testcase>
</testsuite>
<testsuite name="TS027_trackHistory.spec.js" timestamp="2026-01-27T22:50:06.165Z" hostname="chromium" tests="1" failures="0" skipped="0" time="131.623" errors="0">
<testcase name="Track History Tests › should verify track lines disappear bug - segment switch after restart" classname="TS027_trackHistory.spec.js" time="131.623">
<system-out>
<![CDATA[Loading config from: C:\cypress-to-playwright-converted\fixtures\tlr-config.json
Config loaded successfully
Preserving cookies (using stored auth session)
Loading config from: C:\cypress-to-playwright-converted\fixtures\tlr-config.json
Config loaded successfully
Using stored authentication session (skipping login)...
Navigating directly to https://www.gpsandfleet3.net/gpsandfleet/client/fleetdemo/maps/index2.php...
Network idle timeout, continuing...
Page loaded successfully
=== BUG REPLICATION: Starting sequence ===
Checking initial visibility of track elements for segment 1...
Initial Start marker visible: true
Initial Stop marker visible: true
Initial Track markers count: 36
✓ STEP 1: Clicked Play on segment 1
✓ STEP 2: Clicked Pause
✓ STEP 3: Clicked Restart on segment 1
After Restart 1 - Start marker visible: true
After Restart 1 - Stop marker visible: false
After Restart 1 - Track markers count: 9
✓ STEP 4: Clicked on segment 2
Segment 2 before Restart - Start marker visible: true
Segment 2 before Restart - Stop marker visible: true
Segment 2 before Restart - Track markers count: 48
✓ STEP 5: Clicked Restart on segment 2 - BUG TRIGGER POINT
=== VERIFYING BUG: Track lines should have disappeared ===
AFTER BUG - Start marker visible: false
AFTER BUG - Stop marker visible: false
AFTER BUG - Track markers count: 0
⚠️ BUG CONFIRMED: Track lines have disappeared after segment switch + restart
   - Start marker: NOT VISIBLE
   - Stop marker: NOT VISIBLE
   - Track marker containers: NONE FOUND
=== BUG REPLICATION TEST COMPLETED ===
]]>
</system-out>
</testcase>
</testsuite>
</testsuites>