<testsuites id="" name="" tests="2" failures="0" skipped="0" errors="0" time="69.29802200000002">
<testsuite name="auth.setup.js" timestamp="2026-01-09T22:59:52.989Z" hostname="setup" tests="1" failures="0" skipped="0" time="0.776" errors="0">
<testcase name="authenticate" classname="auth.setup.js" time="0.776">
<system-out>
<![CDATA[Valid authentication session found (age: 59 minutes). Skipping login.
]]>
</system-out>
</testcase>
</testsuite>
<testsuite name="TS061_customLogo.spec.js" timestamp="2026-01-09T22:59:52.989Z" hostname="chromium" tests="1" failures="0" skipped="0" time="59.029" errors="0">
<testcase name="Custom Logo › should open Custom Logo Settings modal and verify UI elements" classname="TS061_customLogo.spec.js" time="59.029">
<system-out>
<![CDATA[Loading config from: C:\cypress-to-playwright-converted\fixtures\tlr-config.json
Config loaded successfully
Preserving cookies (using stored auth session)
Loading config from: C:\cypress-to-playwright-converted\fixtures\tlr-config.json
Config loaded successfully
Using stored authentication session (skipping login)...
Navigating directly to https://www.gpsandfleet3.net/gpsandfleet/client/fleetdemo/maps/index2.php...
Network idle timeout, continuing...
Page loaded successfully
✓ get_custom_logo API called (status: 200)
✓ Custom Logo Settings modal opened
✓ Custom Logo Settings modal is visible
✓ Small Logo (Collapsed Navbar) section is visible
✓ Small Logo recommended size (80x64 pixels) is displayed
✓ Large Logo (Expanded Navbar) section is visible
✓ Large Logo recommended size (200x64 pixels) is displayed
✓ Found 4 Upload buttons
✓ Preview section is visible
✓ Collapsed preview label is visible
✓ Expanded preview label is visible
✓ Reset to Default button is visible
✓ Cancel button is visible
✓ Save button is visible
✓ Close (X) button is visible
✓ All Custom Logo Settings UI elements verified successfully
]]>
</system-out>
</testcase>
</testsuite>
</testsuites>