<testsuites id="" name="" tests="2" failures="0" skipped="0" errors="0" time="293.109435">
<testsuite name="auth.setup.js" timestamp="2026-02-03T16:18:09.717Z" hostname="setup" tests="1" failures="0" skipped="0" time="1.024" errors="0">
<testcase name="authenticate" classname="auth.setup.js" time="1.024">
<system-out>
<![CDATA[Valid authentication session found (age: 6 minutes). Skipping login.
]]>
</system-out>
</testcase>
</testsuite>
<testsuite name="TS003_ChangeTimezone.spec.js" timestamp="2026-02-03T16:18:09.717Z" hostname="chromium" tests="1" failures="0" skipped="0" time="286.72" errors="0">
<testcase name="Timezone › should edit the timezone of users" classname="TS003_ChangeTimezone.spec.js" time="286.72">
<system-out>
<![CDATA[Loading config from: C:\cypress-to-playwright-converted\fixtures\tlr-config.json
Config loaded successfully
Preserving cookies (using stored auth session)
Loading config from: C:\cypress-to-playwright-converted\fixtures\tlr-config.json
Config loaded successfully
Using stored authentication session (skipping login)...
Navigating directly to https://www.gpsandfleet3.net/gpsandfleet/client/fleetdemo/maps/index2.php...
Network idle timeout, continuing...
Page loaded successfully
]]>
</system-out>
</testcase>
</testsuite>
</testsuites>