<testsuites id="" name="" tests="1" failures="0" skipped="0" errors="0" time="102.92818399999999">
<testsuite name="TS032_30DayMileageReport.spec.js" timestamp="2025-12-07T18:02:43.105Z" hostname="chromium" tests="1" failures="0" skipped="0" time="98.2" errors="0">
<testcase name="30 Day Mileage Report › should be redirected to fleet demo page with demo credentials" classname="TS032_30DayMileageReport.spec.js" time="98.2">
<system-out>
<![CDATA[--- Step 1: Login and navigate to fleet dashboard ---
Performing login...
Navigating to https://www.gpsandfleet3.net/gpsandfleet/client/fleetdemo/maps/index2.php...
Page loaded successfully
 Successfully logged in
--- Step 2: Opening Reports menu ---
 Reports menu opened
--- Step 3: Clicking on Fleet section ---
 Fleet section expanded
--- Step 4: Clicking 30 Day Mileage Report menu ---
 30 Day Mileage Report menu clicked
--- Step 5: Verifying container is visible ---
 Container is visible
--- Step 6: Selecting date range ---
 Month selected: July
 Start date selected: July 1, 2025
 End date selected: July 30, 2025
--- Step 7: Checking All Devices checkbox ---
 All Devices checkbox checked
--- Step 8: Clicking Submit button ---
 Submit button clicked
--- Step 9: Waiting for report to load ---
 Waiting for report data...
--- Step 10: Verifying table has data ---
 Table has 44 row(s)
 Table has 6 header(s)
--- Step 11: Verifying first row has data ---
 Cell 1: "07/30/2025"
 Cell 2: "860111051554966"
 Cell 3: "Demo 1"
 Cell 4: "0"
 Cell 5: "0"
 Cell 6: "0"
--- Step 12: Testing search functionality ---
 Searched for "Sales"
 Filtered results: 30 row(s)
--- Step 13: Testing export functionality ---
 Exported to Excel
 Exported to CSV
 Exported to PDF
--- Step 14: Searching for another device ---
 Searched for "Demo"
 Demo search results: 14 row(s)
 First result device: "Demo 1"
--- Step 15: Closing report panel ---
 Report panel closed
--- Step 16: Re-opening report and viewing saved report ---
 Reports menu opened
 30 Day Mileage Report menu clicked again
 Container is visible
 Searched for reports from 2025
 Could not click View button: locator.click: Element is outside of the viewport
Call log:
[2m  - waiting for locator('#thirty-day-report-table tbody tr').first().locator('button.aViewMileageReport')[22m
[2m    - locator resolved to <button class="aViewMileageReport" data-unique-id="67853189dc51a">↵                View↵            </button>[22m
[2m  - attempting click action[22m
[2m    - scrolling into view if needed[22m
[2m    - done scrolling[22m

 30 Day Mileage Report test completed successfully
]]>
</system-out>
</testcase>
</testsuite>
</testsuites>